[debug] [2019-12-05T04:03:51.497Z] ----------------------------------------------------------------------
[debug] [2019-12-05T04:03:51.537Z] Command:       C:\Program Files\nodejs\node.exe C:\Users\Usuario.DESKTOP-P2OGJG5\AppData\Roaming\npm\node_modules\firebase-tools\lib\bin\firebase.js emulators:start --only firestore
[debug] [2019-12-05T04:03:51.538Z] CLI Version:   7.9.0
[debug] [2019-12-05T04:03:51.539Z] Platform:      win32
[debug] [2019-12-05T04:03:51.539Z] Node Version:  v12.13.1
[debug] [2019-12-05T04:03:51.664Z] Time:          Wed Dec 04 2019 22:03:51 GMT-0600 (GMT-06:00)
[debug] [2019-12-05T04:03:51.664Z] ----------------------------------------------------------------------
[debug] [2019-12-05T04:03:51.664Z] 
[warn] !  Could not find config (firebase.json) so using defaults.
[info] i  emulators: Starting emulators: firestore
[warn] !  No Firestore rules file specified in firebase.json, using default rules.
[info] i  firestore: Serving ALL traffic (including WebChannel) on http://localhost:8080
[warn] !  firestore: Support for WebChannel on a separate port (8081) is DEPRECATED and will go away soon. Please use port above instead.
[info] i  firestore: downloading cloud-firestore-emulator-v1.10.2.jar...
[debug] [2019-12-05T04:04:39.491Z] Ignoring unsupported arg: projectId
[debug] [2019-12-05T04:04:39.492Z] Ignoring unsupported arg: auto_download
[debug] [2019-12-05T04:04:39.492Z] Starting emulator firestore with command {"binary":"java","args":["-Duser.language=en","-jar","C:\\Users\\Usuario.DESKTOP-P2OGJG5\\.cache\\firebase\\emulators\\cloud-firestore-emulator-v1.10.2.jar","--host","localhost","--port",8080,"--webchannel_port",8081],"optionalArgs":["port","webchannel_port","host","rules","functions_emulator"],"joinArgs":false}
[info] i  firestore: Emulator logging to firestore-debug.log
[debug] [2019-12-05T04:05:04.284Z] API endpoint: http://
[debug] [2019-12-05T04:05:04.286Z] localhost
[debug] [2019-12-05T04:05:04.287Z] :8080
If you are using a library that supports the FIRESTORE_EMULATOR_HOST environment variable, run:

   export FIRESTORE_EMULATOR_HOST=localhost
[debug] [2019-12-05T04:05:04.288Z] :8080

Dev App Server is now running.


[info] +  firestore: Emulator started at http://localhost:8080
[info] i  firestore: For testing set FIRESTORE_EMULATOR_HOST=localhost:8080
[info] +  All emulators started, it is now safe to connect.
[debug] [2019-12-05T04:06:08.071Z] Dec 04, 2019 10:06:07 PM io.gapi.emulators.netty.HttpVersionRoutingHandler channelRead
INFO: Detected non-HTTP/2 connection.

[debug] [2019-12-05T04:06:08.648Z] Dec 04, 2019 10:06:08 PM io.gapi.emulators.netty.NotFoundHandler handleRequest
INFO: Unknown request URI: /favicon.ico

[debug] [2019-12-05T04:16:56.851Z] Dec 04, 2019 10:16:56 PM io.gapi.emulators.netty.HttpVersionRoutingHandler channelRead
INFO: Detected non-HTTP/2 connection.

